app/build/outputs/logs/manifest-merger-app-debug-report.txt
-- Merging decision tree log ---
manifest
ADDED from src\main\AndroidManifest.xml:2:1-98:12
	package
		ADDED from src\main\AndroidManifest.xml:3:11-37
		INJECTED from src\main\AndroidManifest.xml
		INJECTED from src\main\AndroidManifest.xml
	android:versionName
		INJECTED from src\main\AndroidManifest.xml
		INJECTED from src\main\AndroidManifest.xml
	xmlns:android
		ADDED from src\main\AndroidManifest.xml:2:11-69
	android:versionCode
		INJECTED from src\main\AndroidManifest.xml
		INJECTED from src\main\AndroidManifest.xml
uses-permission#android.permission.ACCESS_NETWORK_STATE
ADDED from src\main\AndroidManifest.xml:7:5-79
	android:name
		ADDED from src\main\AndroidManifest.xml:7:22-76
uses-permission#android.permission.ACCESS_WIFI_STATE
ADDED from src\main\AndroidManifest.xml:9:5-76
	android:name
		ADDED from src\main\AndroidManifest.xml:9:22-73
uses-permission#android.permission.CHANGE_WIFI_STATE
ADDED from src\main\AndroidManifest.xml:11:5-76
	android:name
		ADDED from src\main\AndroidManifest.xml:11:22-73
uses-permission#android.permission.WRITE_EXTERNAL_STORAGE
ADDED from src\main\AndroidManifest.xml:12:5-80
MERGED from [dbbtemp:pickphotoview:unspecified] AndroidManifest.xml:11:5-81
	android:name
		ADDED from src\main\AndroidManifest.xml:12:22-78
uses-permission#android.permission.INTERNET
ADDED from src\main\AndroidManifest.xml:14:5-67
	android:name
		ADDED from src\main\AndroidManifest.xml:14:22-64
uses-permission#android.permission.READ_EXTERNAL_STORAGE
ADDED from src\main\AndroidManifest.xml:15:5-80
MERGED from [dbbtemp:pickphotoview:unspecified] AndroidManifest.xml:12:5-80
	android:name
		ADDED from src\main\AndroidManifest.xml:15:22-77
uses-permission#android.permission.CAMERA
ADDED from src\main\AndroidManifest.xml:16:5-65
MERGED from [dbbtemp:pickphotoview:unspecified] AndroidManifest.xml:13:5-65
	android:name
		ADDED from src\main\AndroidManifest.xml:16:22-62
application
ADDED from src\main\AndroidManifest.xml:21:5-96:19
MERGED from [com.android.support:design:25.3.1] AndroidManifest.xml:29:5-20
MERGED from [com.android.support:transition:25.3.1] AndroidManifest.xml:26:5-20
MERGED from [com.android.support:cardview-v7:25.3.1] AndroidManifest.xml:26:5-20
MERGED from [:UltraPTR:] AndroidManifest.xml:11:5-20
MERGED from [:expandablerecyclerview:] AndroidManifest.xml:11:5-15:19
MERGED from [:bottomdialog:] AndroidManifest.xml:11:5-15:19
MERGED from [dbbtemp:datepicker:unspecified] AndroidManifest.xml:11:5-15:19
MERGED from [dbbtemp:pickphotoview:unspecified] AndroidManifest.xml:15:5-30:19
MERGED from [com.shizhefei:LargeImageView:1.0.7] AndroidManifest.xml:11:5-20
MERGED from [com.werb.permissionschecker:permissionschecker:0.0.1-beta2] AndroidManifest.xml:11:5-14:19
MERGED from [me.leefeng:citypicker:1.0] AndroidManifest.xml:11:5-15:19
MERGED from [com.android.support:appcompat-v7:25.3.1] AndroidManifest.xml:29:5-20
MERGED from [com.android.support:support-v4:25.3.1] AndroidManifest.xml:29:5-20
MERGED from [com.android.support:support-fragment:25.3.1] AndroidManifest.xml:29:5-20
MERGED from [com.android.support:support-media-compat:25.3.1] AndroidManifest.xml:29:5-20
MERGED from [com.android.support:support-core-ui:25.3.1] AndroidManifest.xml:29:5-20
MERGED from [com.android.support:support-core-utils:25.3.1] AndroidManifest.xml:29:5-20
MERGED from [com.android.support:animated-vector-drawable:25.3.1] AndroidManifest.xml:26:5-20
MERGED from [com.android.support:support-vector-drawable:25.3.1] AndroidManifest.xml:26:5-20
MERGED from [com.android.support:support-compat:25.3.1] AndroidManifest.xml:29:5-20
	android:label
		ADDED from src\main\AndroidManifest.xml:25:9-41
	android:supportsRtl
		ADDED from src\main\AndroidManifest.xml:26:9-35
	android:allowBackup
		ADDED from src\main\AndroidManifest.xml:23:9-35
	android:icon
		ADDED from src\main\AndroidManifest.xml:24:9-43
	android:theme
		ADDED from src\main\AndroidManifest.xml:27:9-40
	android:name
		ADDED from src\main\AndroidManifest.xml:22:9-38
activity#com.hs.doubaobao.model.Login.GuideActivity
ADDED from src\main\AndroidManifest.xml:28:9-35:20
	android:name
		ADDED from src\main\AndroidManifest.xml:28:19-60
intent-filter#android.intent.action.MAIN+android.intent.category.LAUNCHER
ADDED from src\main\AndroidManifest.xml:30:13-34:29
action#android.intent.action.MAIN
ADDED from src\main\AndroidManifest.xml:31:17-68
	android:name
		ADDED from src\main\AndroidManifest.xml:31:25-66
category#android.intent.category.LAUNCHER
ADDED from src\main\AndroidManifest.xml:33:17-76
	android:name
		ADDED from src\main\AndroidManifest.xml:33:27-74
activity#com.hs.doubaobao.model.Login.LoginActivity
ADDED from src\main\AndroidManifest.xml:37:9-62
	android:name
		ADDED from src\main\AndroidManifest.xml:37:19-60
activity#com.hs.doubaobao.model.main.MainActivity
ADDED from src\main\AndroidManifest.xml:39:9-60
	android:name
		ADDED from src\main\AndroidManifest.xml:39:19-58
activity#com.hs.doubaobao.model.department.DepartmentStatisticsActivity
ADDED from src\main\AndroidManifest.xml:41:9-82
	android:name
		ADDED from src\main\AndroidManifest.xml:41:19-80
activity#com.hs.doubaobao.model.department.DepartmentTrialActivity
ADDED from src\main\AndroidManifest.xml:43:9-77
	android:name
		ADDED from src\main\AndroidManifest.xml:43:19-75
activity#com.hs.doubaobao.model.StoreInstance.StoreInstanceActivity
ADDED from src\main\AndroidManifest.xml:45:9-78
	android:name
		ADDED from src\main\AndroidManifest.xml:45:19-76
activity#com.hs.doubaobao.model.ApplyLoad.ApplyLoadActivity
ADDED from src\main\AndroidManifest.xml:47:9-70
	android:name
		ADDED from src\main\AndroidManifest.xml:47:19-68
activity#com.hs.doubaobao.model.AddLoanTable.AddLoanTableActivity
ADDED from src\main\AndroidManifest.xml:49:9-76
	android:name
		ADDED from src\main\AndroidManifest.xml:49:19-74
activity#com.hs.doubaobao.model.AddLoanTable.uploadMessage.FilloutLenderInformationActivity
ADDED from src\main\AndroidManifest.xml:51:9-52:60
	android:windowSoftInputMode
		ADDED from src\main\AndroidManifest.xml:52:19-58
	android:name
		ADDED from src\main\AndroidManifest.xml:51:19-100
activity#com.hs.doubaobao.model.AddLoanTable.uploadMessage.TheLoansActivity
ADDED from src\main\AndroidManifest.xml:54:9-55:60
	android:windowSoftInputMode
		ADDED from src\main\AndroidManifest.xml:55:19-58
	android:name
		ADDED from src\main\AndroidManifest.xml:54:19-84
activity#com.hs.doubaobao.model.AddLoanTable.uploadMessage.ContactInforActivity
ADDED from src\main\AndroidManifest.xml:57:9-58:60
	android:windowSoftInputMode
		ADDED from src\main\AndroidManifest.xml:58:19-58
	android:name
		ADDED from src\main\AndroidManifest.xml:57:19-88
activity#com.hs.doubaobao.model.AddLoanTable.uploadMessage.InvestigaOpinionActivity
ADDED from src\main\AndroidManifest.xml:60:9-61:60
	android:windowSoftInputMode
		ADDED from src\main\AndroidManifest.xml:61:19-58
	android:name
		ADDED from src\main\AndroidManifest.xml:60:19-92
activity#com.hs.doubaobao.model.AddLoanTable.uploadMessage.LenderInfoOptionalActivity
ADDED from src\main\AndroidManifest.xml:63:9-64:60
	android:windowSoftInputMode
		ADDED from src\main\AndroidManifest.xml:64:19-58
	android:name
		ADDED from src\main\AndroidManifest.xml:63:19-94
activity#com.hs.doubaobao.model.AddLoanTable.uploadMessage.MutualLenderInfoActivity
ADDED from src\main\AndroidManifest.xml:66:9-67:60
	android:windowSoftInputMode
		ADDED from src\main\AndroidManifest.xml:67:19-58
	android:name
		ADDED from src\main\AndroidManifest.xml:66:19-92
activity#com.hs.doubaobao.model.AddLoanTable.uploadMessage.CarInfoActivity
ADDED from src\main\AndroidManifest.xml:69:9-70:60
	android:windowSoftInputMode
		ADDED from src\main\AndroidManifest.xml:70:19-58
	android:name
		ADDED from src\main\AndroidManifest.xml:69:19-83
activity#com.hs.doubaobao.model.AddLoanTable.uploadMessage.LoanEvaluationActivity
ADDED from src\main\AndroidManifest.xml:72:9-73:60
	android:windowSoftInputMode
		ADDED from src\main\AndroidManifest.xml:73:19-58
	android:name
		ADDED from src\main\AndroidManifest.xml:72:19-90
activity#com.hs.doubaobao.model.AddLoanTable.uploadMessage.EvaluationStandardActivity
ADDED from src\main\AndroidManifest.xml:74:9-96
	android:name
		ADDED from src\main\AndroidManifest.xml:74:19-94
activity#com.hs.doubaobao.model.AddLoanTable.uploadPicture.UploadPictureActivity
ADDED from src\main\AndroidManifest.xml:76:9-91
	android:name
		ADDED from src\main\AndroidManifest.xml:76:19-89
activity#com.hs.doubaobao.model.AddLoanTable.uploadVideo.UploadVideoActivity
ADDED from src\main\AndroidManifest.xml:78:9-87
	android:name
		ADDED from src\main\AndroidManifest.xml:78:19-85
activity#com.hs.doubaobao.model.riskControl.RiskControlApprovalActivity
ADDED from src\main\AndroidManifest.xml:80:9-81:60
	android:windowSoftInputMode
		ADDED from src\main\AndroidManifest.xml:81:19-58
	android:name
		ADDED from src\main\AndroidManifest.xml:80:19-80
activity#com.hs.doubaobao.model.GeneralManager.GeneralManagerApprovalActivity
ADDED from src\main\AndroidManifest.xml:83:9-84:60
	android:windowSoftInputMode
		ADDED from src\main\AndroidManifest.xml:84:19-58
	android:name
		ADDED from src\main\AndroidManifest.xml:83:19-86
activity#com.hs.doubaobao.model.invalid.InvalidListActivity
ADDED from src\main\AndroidManifest.xml:86:9-70
	android:name
		ADDED from src\main\AndroidManifest.xml:86:19-68
activity#com.hs.doubaobao.model.invalid.InvalidReasonActivity
ADDED from src\main\AndroidManifest.xml:88:9-72
	android:name
		ADDED from src\main\AndroidManifest.xml:88:19-70
activity#com.hs.doubaobao.model.detail.DetailActivity
ADDED from src\main\AndroidManifest.xml:90:9-64
	android:name
		ADDED from src\main\AndroidManifest.xml:90:19-62
activity#com.hs.doubaobao.model.detail.pictrue.ImagePagerActivity
ADDED from src\main\AndroidManifest.xml:92:9-76
	android:name
		ADDED from src\main\AndroidManifest.xml:92:19-74
activity#com.hs.doubaobao.model.Approval.ApprovalActivity
ADDED from src\main\AndroidManifest.xml:94:9-68
	android:name
		ADDED from src\main\AndroidManifest.xml:94:19-66
activity#com.hs.doubaobao.model.AddLoanTable.uploadVideo.VideoPick.VideoListActivity
ADDED from src\main\AndroidManifest.xml:95:9-95
	android:name
		ADDED from src\main\AndroidManifest.xml:95:19-93
uses-sdk
INJECTED from src\main\AndroidManifest.xml reason: use-sdk injection requested
MERGED from [com.android.support:multidex:1.0.1] AndroidManifest.xml:18:5-42
MERGED from [com.android.support:design:25.3.1] AndroidManifest.xml:21:5-23:62
MERGED from [com.android.support:transition:25.3.1] AndroidManifest.xml:20:5-44
MERGED from [com.android.support:cardview-v7:25.3.1] AndroidManifest.xml:20:5-43
MERGED from [com.github.chrisbanes:PhotoView:2.0.0] AndroidManifest.xml:8:5-10:41
MERGED from [com.jakewharton:butterknife:8.4.0] AndroidManifest.xml:5:5-43
MERGED from [:UltraPTR:] AndroidManifest.xml:7:5-9:41
MERGED from [:expandablerecyclerview:] AndroidManifest.xml:7:5-9:41
MERGED from [:bottomdialog:] AndroidManifest.xml:7:5-9:41
MERGED from [dbbtemp:datepicker:unspecified] AndroidManifest.xml:7:5-9:41
MERGED from [dbbtemp:pickphotoview:unspecified] AndroidManifest.xml:7:5-9:41
MERGED from [com.android.support:recyclerview-v7:25.3.1] AndroidManifest.xml:20:5-43
MERGED from [com.shizhefei:LargeImageView:1.0.7] AndroidManifest.xml:7:5-9:41
MERGED from [com.werb.permissionschecker:permissionschecker:0.0.1-beta2] AndroidManifest.xml:7:5-9:41
MERGED from [me.leefeng:citypicker:1.0] AndroidManifest.xml:7:5-9:41
MERGED from [com.android.support:appcompat-v7:25.3.1] AndroidManifest.xml:21:5-23:78
MERGED from [com.android.support:support-v4:25.3.1] AndroidManifest.xml:21:5-23:54
MERGED from [com.android.support:support-fragment:25.3.1] AndroidManifest.xml:21:5-23:60
MERGED from [com.android.support:support-media-compat:25.3.1] AndroidManifest.xml:21:5-23:63
MERGED from [com.android.support:support-core-ui:25.3.1] AndroidManifest.xml:21:5-23:58
MERGED from [com.android.support:support-core-utils:25.3.1] AndroidManifest.xml:21:5-23:61
MERGED from [com.android.support:animated-vector-drawable:25.3.1] AndroidManifest.xml:20:5-44
MERGED from [com.android.support:support-vector-drawable:25.3.1] AndroidManifest.xml:20:5-43
MERGED from [com.android.support:support-compat:25.3.1] AndroidManifest.xml:21:5-23:58
	tools:overrideLibrary
		ADDED from [com.android.support:design:25.3.1] AndroidManifest.xml:23:9-59
	android:targetSdkVersion
		INJECTED from src\main\AndroidManifest.xml
		INJECTED from src\main\AndroidManifest.xml
	android:minSdkVersion
		INJECTED from src\main\AndroidManifest.xml
		INJECTED from src\main\AndroidManifest.xml
meta-data#android.support.VERSION
ADDED from [com.android.support:design:25.3.1] AndroidManifest.xml:25:5-27:34
MERGED from [com.android.support:transition:25.3.1] AndroidManifest.xml:22:5-24:34
MERGED from [com.android.support:cardview-v7:25.3.1] AndroidManifest.xml:22:5-24:34
MERGED from [com.android.support:recyclerview-v7:25.3.1] AndroidManifest.xml:22:5-24:34
MERGED from [com.android.support:appcompat-v7:25.3.1] AndroidManifest.xml:25:5-27:34
MERGED from [com.android.support:support-v4:25.3.1] AndroidManifest.xml:25:5-27:34
MERGED from [com.android.support:support-fragment:25.3.1] AndroidManifest.xml:25:5-27:34
MERGED from [com.android.support:support-media-compat:25.3.1] AndroidManifest.xml:25:5-27:34
MERGED from [com.android.support:support-core-ui:25.3.1] AndroidManifest.xml:25:5-27:34
MERGED from [com.android.support:support-core-utils:25.3.1] AndroidManifest.xml:25:5-27:34
MERGED from [com.android.support:animated-vector-drawable:25.3.1] AndroidManifest.xml:22:5-24:34
MERGED from [com.android.support:support-vector-drawable:25.3.1] AndroidManifest.xml:22:5-24:34
MERGED from [com.android.support:support-compat:25.3.1] AndroidManifest.xml:25:5-27:34
	android:value
		ADDED from [com.android.support:design:25.3.1] AndroidManifest.xml:27:9-31
	android:name
		ADDED from [com.android.support:design:25.3.1] AndroidManifest.xml:26:9-47
activity#com.werb.pickphotoview.PickPhotoActivity
ADDED from [dbbtemp:pickphotoview:unspecified] AndroidManifest.xml:18:9-21:57
	android:screenOrientation
		ADDED from [dbbtemp:pickphotoview:unspecified] AndroidManifest.xml:20:13-49
	android:theme
		ADDED from [dbbtemp:pickphotoview:unspecified] AndroidManifest.xml:21:13-54
	android:name
		ADDED from [dbbtemp:pickphotoview:unspecified] AndroidManifest.xml:19:13-68
activity#com.werb.pickphotoview.PickListActivity
ADDED from [dbbtemp:pickphotoview:unspecified] AndroidManifest.xml:22:9-25:56
	android:screenOrientation
		ADDED from [dbbtemp:pickphotoview:unspecified] AndroidManifest.xml:24:13-49
	android:theme
		ADDED from [dbbtemp:pickphotoview:unspecified] AndroidManifest.xml:25:13-53
	android:name
		ADDED from [dbbtemp:pickphotoview:unspecified] AndroidManifest.xml:23:13-67
activity#com.werb.pickphotoview.PickPhotoPreviewActivity
ADDED from [dbbtemp:pickphotoview:unspecified] AndroidManifest.xml:26:9-29:56
	android:screenOrientation
		ADDED from [dbbtemp:pickphotoview:unspecified] AndroidManifest.xml:28:13-49
	android:theme
		ADDED from [dbbtemp:pickphotoview:unspecified] AndroidManifest.xml:29:13-53
	android:name
		ADDED from [dbbtemp:pickphotoview:unspecified] AndroidManifest.xml:27:13-75